<?xml version="1.0" encoding="UTF-8"?>
<!-- Generated by org.testng.reporters.JUnitReportReporter -->
<testsuite hostname="0G-gowhar" failures="0" tests="2" name="com.teektaak.testcases.AllBrandTest" time="52.361" errors="0" timestamp="2022-08-24T09:35:07 GST" skipped="0">
  <testcase classname="com.teektaak.testcases.AllBrandTest" name="clickFeryanoTest" time="25.001"/>
  <system-out/>
  <testcase classname="com.teektaak.testcases.AllBrandTest" name="clickOnFirstProductTest" time="27.360"/>
  <system-out/>
</testsuite> <!-- com.teektaak.testcases.AllBrandTest -->
